<!DOCTYPE HTML><html><head><title>Behave Test Report</title><meta content="text/html;charset=utf-8" http-equiv="content-type" /><style type="text/css"><!--
@charset "utf-8"; .passed{}.failed{}.error{}.skipped{}.undefined{}.summary{}.failed_scenarios{}.footer{}body{font-size:0;color:white;margin:0;padding:0}.behave,td,th{font:normal 11px "Lucida Grande",Helvetica,sans-serif;background:white;color:black}.behave #behave-header,td #behave-header,th #behave-header{background:#65c400;color:white;height:8em}.behave #behave-header #expand-collapse p,td #behave-header #expand-collapse p,th #behave-header #expand-collapse p{float:right;margin:0 0 0 10px}.behave .scenario h3,td .scenario h3,th .scenario h3,.background h3{font-size:11px;padding:3px;margin:0;background:#65c400;color:white;font-weight:bold}.background h3{font-size:1.2em;background:#666}.behave h1,td h1,th h1{margin:0 10px 0 10px;padding:10px;font-family:"Lucida Grande",Helvetica,sans-serif;font-size:2em;position:absolute}.behave h4,td h4,th h4{margin-bottom:2px}.behave div.feature,td div.feature,th div.feature{padding:2px;margin:0 10px 5px 10px}.behave div.examples,td div.examples,th div.examples{padding:0 0 0 1em}.behave .stats,td .stats,th .stats{margin:2em}.behave .summary ul.features li,td .summary ul.features li,th .summary ul.features li{display:inline}.behave .step_name,td .step_name,th .step_name{float:left}.behave .step_file,td .step_file,th .step_file{text-align:right;color:#999}.behave .step_file a,td .step_file a,th .step_file a{color:#999}.behave .scenario_file,td .scenario_file,th .scenario_file{float:right;color:#999}.behave .step_duration{padding-left:1em}.behave .tag,td .tag,th .tag{font-weight:bold;color:#246ac1}.behave .backtrace,td .backtrace,th .backtrace{margin-top:0;margin-bottom:0;margin-left:1em;color:black}.behave a,td a,th a{color:#be5c00;margin-right:.5em}.behave a:hover,td a:hover,th a:hover{text-decoration:none}.behave a:visited,td a:visited,th a:visited{font-weight:normal}.behave a div.examples,td a div.examples,th a div.examples{margin:5px 0 5px 15px;color:black}.behave .outline table,td .outline table,th .outline table{margin:0 0 5px 10px}.behave table,td table,th table{border-collapse:collapse}.behave table td,td table td,th table td{padding:3px 3px 3px 5px}.behave table td.failed,.behave table td.passed,.behave table td.skipped,.behave table td.pending,.behave table td.undefined,td table td.failed,td table td.passed,td table td.skipped,td table td.pending{padding-left:18px;padding-right:10px}.behave table td.failed,td table td.failed,th table td.failed{border-left:5px solid #c20000;border-bottom:1px solid #c20000;background:#fffbd3;color:#c20000}.behave table td.passed,td table td.passed,th table td.passed{border-left:5px solid #65c400;border-bottom:1px solid #65c400;background:#dbffb4;color:#3d7700}.behave table td.skipped,td table td.skipped,th table td.skipped{border-left:5px solid aqua;border-bottom:1px solid aqua;background:#e0ffff;color:#011}.behave table td.pending,td table td.pending,th table td.pending{border-left:5px solid #faf834;border-bottom:1px solid #faf834;background:#fcfb98;color:#131313}.behave table td.undefined,td table td.undefined,th table td.undefined{border-left:5px solid #faf834;border-bottom:1px solid #faf834;background:#fcfb98;color:#131313}.behave table td.message,td table td.message,th table td.message{border-left:5px solid aqua;border-bottom:1px solid aqua;background:#e0ffff;color:#011}.behave ol,td ol,th ol{list-style:none;margin:0;padding:0}.behave ol li.step,td ol li.step,th ol li.step{padding:3px 3px 3px 18px;margin:5px 0 5px 5px}.behave ol li,td ol li,th ol li{margin:0 0 0 1em;padding:0 0 0 .2em}.behave ol li span.param,td ol li span.param,th ol li span.param{font-weight:bold}.behave ol li.failed,td ol li.failed,th ol li.failed{border-left:5px solid #c20000;border-bottom:1px solid #c20000;background:#fffbd3;color:#c20000}.behave ol li.passed,td ol li.passed,th ol li.passed{border-left:5px solid #65c400;border-bottom:1px solid #65c400;background:#dbffb4;color:#3d7700}.behave ol li.skipped,td ol li.skipped,th ol li.skipped{border-left:5px solid aqua;border-bottom:1px solid aqua;background:#e0ffff;color:#011}.behave ol li.pending,td ol li.pending,th ol li.pending{border-left:5px solid #faf834;border-bottom:1px solid #faf834;background:#fcfb98;color:#131313}.behave ol li.undefined,td ol li.undefined,th ol li.undefined{border-left:5px solid #faf834;border-bottom:1px solid #faf834;background:#fcfb98;color:#131313}.behave ol li.message,td ol li.message,th ol li.message{border-left:5px solid aqua;border-bottom:1px solid aqua;background:#e0ffff;color:#011;margin-left:10px}.behave #summary,td #summary,th #summary{margin:0;padding:5px 10px;text-align:right;top:0;right:0;float:right}.behave #summary p,td #summary p,th #summary p{margin:0 0 0 2px}.behave #summary #totals,td #summary #totals,th #summary #totals{font-size:1.2em}.behave .scenario h3.failed,td .scenario h3.failed,th .scenario h3.failed,.background h3.failed{background:#c20000}.behave #behave-header.failed,td #behave-header.failed,th #behave-header.failed{background:#c20000}.behave .scenario h3.undefined,td .scenario h3.undefined,th .scenario h3.undefined,.background h3.undefined{background:#faf834;color:black}.behave #behave-header.undefined,td #behave-header.undefined,th #behave-header.undefined{background:#faf834;color:black}#behave-header.failed a{color:white}pre{white-space:pre-wrap}
--></style><script type="text/javascript"><!--
function Collapsible_toggle(id){var elem=document.getElementById(id);elem.style.display=(elem.style.display=='none'?'block':'none');return false;};function Collapsible_expandAll(className){var elems=document.getElementsByClassName(className);for(var i=0;i<elems.length;i++){elems[i].style.display='block';}};function Collapsible_collapseAll(className){var elems=document.getElementsByClassName(className);for(var i=0;i<elems.length;i++){elems[i].style.display='none';}};function Collapsible_expandAllFailed(){var elems=document.getElementsByClassName('failed');for(var i=0;i<elems.length;i++){var elem=elems[i];if(elem.nodeName=='H3'){elem.parentElement.getElementsByTagName('ol')[0].style.display='block';}}}
--></script></head><body><div class="behave"><div id="behave-header" class="failed"><div id="label"><h1>Behave Test Report</h1></div><div id="summary"><p id="totals"><p id="feature_totals">Features: failed: 4</p><p id="scenario_totals">Scenarios: passed: 8, failed: 7</p><p id="step_totals">Steps: passed: 64, failed: 4, skipped: 19, untested: 4</p></p><p id="duration">Finished in 64.8 seconds</p><div id="expand-collapse"><a id="expander" href="#" onclick="Collapsible_expandAll('scenario_steps')">Expand All</a><span> | </span><a id="collapser" href="#" onclick="Collapsible_collapseAll('scenario_steps')">Collapse All</a><span> | </span><a id="failed_expander" href="#" onclick="Collapsible_expandAllFailed()">Expand All Failed</a></div></div></div><div class="feature"><h2><span class="val">Feature: CustomerCare Feature</span></h2><span /></div><div class="background"><h3><span class="val">Background: </span></h3><ol /><span /></div><div class="scenario"><span class="scenario_file">features/customercare.feature:7</span><span class="tag">@empty_fields</span><h3 onclick="Collapsible_toggle('scenario_0')"><span class="val">Scenario: Email support with empty fields</span></h3><ol class="scenario_steps" id="scenario_0"><li class="step passed"><div class="step_name"><span class="keyword">Given </span><span class="step val">I am on the contact page</span><small class="step_duration">(3.246s)</small></div><div class="step_file"><span>steps/steps_customercare.py:6</span></div><span class="embed" /></li><li class="step passed"><div class="step_name"><span class="keyword">When </span><span class="step val">I leave name,email,phone,message fields empty</span><small class="step_duration">(0.001s)</small></div><div class="step_file"><span>steps/steps_customercare.py:12</span></div><span class="embed" /></li><li class="step passed"><div class="step_name"><span class="keyword">And </span><span class="step val">I press the send button</span><small class="step_duration">(0.662s)</small></div><div class="step_file"><span>steps/steps_customercare.py:17</span></div><span class="embed" /></li><li class="step passed"><div class="step_name"><span class="keyword">Then </span><span class="step val">I should see an error message for the required fields</span><small class="step_duration">(0.086s)</small></div><div class="step_file"><span>steps/steps_customercare.py:22</span></div><span class="embed" /></li></ol><span /></div><div class="scenario"><span class="scenario_file">features/customercare.feature:14</span><span class="tag">@wrong_email_format</span><h3 onclick="Collapsible_toggle('scenario_1')" class="failed"><span class="val">Scenario: Email support with wrong email format</span></h3><ol class="scenario_steps" id="scenario_1"><li class="step passed"><div class="step_name"><span class="keyword">Given </span><span class="step val">I am on the contact page</span><small class="step_duration">(2.244s)</small></div><div class="step_file"><span>steps/steps_customercare.py:6</span></div><span class="embed" /></li><li class="step passed"><div class="step_name"><span class="keyword">When </span><span class="step val"><span>I enter "</span><b>Robert</b><span>" in name field</span></span><small class="step_duration">(0.086s)</small></div><div class="step_file"><span>steps/steps_customercare.py:29</span></div><span class="embed" /></li><li class="step passed"><div class="step_name"><span class="keyword">And </span><span class="step val"><span>I enter "</span><b>abc</b><span>" in email field</span></span><small class="step_duration">(0.049s)</small></div><div class="step_file"><span>steps/steps_customercare.py:34</span></div><span class="embed" /></li><li class="step passed"><div class="step_name"><span class="keyword">And </span><span class="step val"><span>I enter "</span><b>123</b><span>" in phone field</span></span><small class="step_duration">(0.053s)</small></div><div class="step_file"><span>steps/steps_customercare.py:39</span></div><span class="embed" /></li><li class="step passed"><div class="step_name"><span class="keyword">And </span><span class="step val"><span>I enter "</span><b>need support message</b><span>" in message field</span></span><small class="step_duration">(0.091s)</small></div><div class="step_file"><span>steps/steps_customercare.py:44</span></div><span class="embed" /></li><li class="step passed"><div class="step_name"><span class="keyword">And </span><span class="step val">I press the send button</span><small class="step_duration">(0.306s)</small></div><div class="step_file"><span>steps/steps_customercare.py:17</span></div><span class="embed" /></li><li class="step failed"><div class="step_name"><span class="keyword">Then </span><span class="step val">I should see an error message for the email field</span><small class="step_duration">(3.446s)</small></div><div class="step_file"><span>steps/steps_customercare.py:49</span></div><span class="embed"><a onclick="Collapsible_toggle('embed_1')">Error Message</a><pre id="embed_1" style="display: none">Traceback (most recent call last):
  File "C:\Users\adi_d\AppData\Local\Programs\Python\Python312\Lib\site-packages\behave\model.py", line 1329, in run
    match.run(runner.context)
  File "C:\Users\adi_d\AppData\Local\Programs\Python\Python312\Lib\site-packages\behave\matchers.py", line 98, in run
    self.func(context, *args, **kwargs)
  File "steps\steps_customercare.py", line 51, in step_impl
    actual_error_message = context.CustomerCarePage.get_error_message_email_field()
                           ^^^^^^^^^^^^^^^^^^^^^^^^^^^^^^^^^^^^^^^^^^^^^^^^^^^^^^^^
  File "C:\Users\adi_d\PycharmProjects\ProjectQA_BDD\Project-Testing-with-BDD\pages\customercare_page.py", line 35, in get_error_message_email_field
    return self.driver.find_element(*CustomercareLocators.EMAIL_ERROR).text
           ^^^^^^^^^^^^^^^^^^^^^^^^^^^^^^^^^^^^^^^^^^^^^^^^^^^^^^^^^^^
  File "C:\Users\adi_d\AppData\Local\Programs\Python\Python312\Lib\site-packages\selenium\webdriver\remote\webdriver.py", line 741, in find_element
    return self.execute(Command.FIND_ELEMENT, {"using": by, "value": value})["value"]
           ^^^^^^^^^^^^^^^^^^^^^^^^^^^^^^^^^^^^^^^^^^^^^^^^^^^^^^^^^^^^^^^^^
  File "C:\Users\adi_d\AppData\Local\Programs\Python\Python312\Lib\site-packages\selenium\webdriver\remote\webdriver.py", line 347, in execute
    self.error_handler.check_response(response)
  File "C:\Users\adi_d\AppData\Local\Programs\Python\Python312\Lib\site-packages\selenium\webdriver\remote\errorhandler.py", line 229, in check_response
    raise exception_class(message, screen, stacktrace)
selenium.common.exceptions.NoSuchElementException: Message: no such element: Unable to locate element: {"method":"css selector","selector":"span[id="email.errors"]"}
  (Session info: chrome=122.0.6261.112); For documentation on this error, please visit: https://www.selenium.dev/documentation/webdriver/troubleshooting/errors#no-such-element-exception
Stacktrace:
	GetHandleVerifier [0x00007FF77B32AD32+56930]
	(No symbol) [0x00007FF77B29F632]
	(No symbol) [0x00007FF77B1542E5]
	(No symbol) [0x00007FF77B1998ED]
	(No symbol) [0x00007FF77B199A2C]
	(No symbol) [0x00007FF77B1DA967]
	(No symbol) [0x00007FF77B1BBCDF]
	(No symbol) [0x00007FF77B1D81E2]
	(No symbol) [0x00007FF77B1BBA43]
	(No symbol) [0x00007FF77B18D438]
	(No symbol) [0x00007FF77B18E4D1]
	GetHandleVerifier [0x00007FF77B6A6ABD+3709933]
	GetHandleVerifier [0x00007FF77B6FFFFD+4075821]
	GetHandleVerifier [0x00007FF77B6F818F+4043455]
	GetHandleVerifier [0x00007FF77B3C9766+706710]
	(No symbol) [0x00007FF77B2AB90F]
	(No symbol) [0x00007FF77B2A6AF4]
	(No symbol) [0x00007FF77B2A6C4C]
	(No symbol) [0x00007FF77B296904]
	BaseThreadInitThunk [0x00007FF868708D17+23]
	RtlUserThreadStart [0x00007FF86A4E7450+32]

</pre>    </span></li></ol><span /></div><div class="scenario"><span class="scenario_file">features/customercare.feature:24</span><span class="tag">@wrong_phone_format</span><h3 onclick="Collapsible_toggle('scenario_2')" class="failed"><span class="val">Scenario: Email support with wrong phone format</span></h3><ol class="scenario_steps" id="scenario_2"><li class="step passed"><div class="step_name"><span class="keyword">Given </span><span class="step val">I am on the contact page</span><small class="step_duration">(2.248s)</small></div><div class="step_file"><span>steps/steps_customercare.py:6</span></div><span class="embed" /></li><li class="step passed"><div class="step_name"><span class="keyword">When </span><span class="step val"><span>I enter "</span><b>Robert</b><span>" in name field</span></span><small class="step_duration">(0.040s)</small></div><div class="step_file"><span>steps/steps_customercare.py:29</span></div><span class="embed" /></li><li class="step passed"><div class="step_name"><span class="keyword">And </span><span class="step val"><span>I enter "</span><b>abc@email.com</b><span>" in email field</span></span><small class="step_duration">(0.052s)</small></div><div class="step_file"><span>steps/steps_customercare.py:34</span></div><span class="embed" /></li><li class="step passed"><div class="step_name"><span class="keyword">And </span><span class="step val"><span>I enter "</span><b>aaa</b><span>" in phone field</span></span><small class="step_duration">(0.034s)</small></div><div class="step_file"><span>steps/steps_customercare.py:39</span></div><span class="embed" /></li><li class="step passed"><div class="step_name"><span class="keyword">And </span><span class="step val"><span>I enter "</span><b>need support message</b><span>" in message field</span></span><small class="step_duration">(0.127s)</small></div><div class="step_file"><span>steps/steps_customercare.py:44</span></div><span class="embed" /></li><li class="step passed"><div class="step_name"><span class="keyword">And </span><span class="step val">I press the send button</span><small class="step_duration">(0.269s)</small></div><div class="step_file"><span>steps/steps_customercare.py:17</span></div><span class="embed" /></li><li class="step failed"><div class="step_name"><span class="keyword">Then </span><span class="step val">I should see an error message for the phone field</span><small class="step_duration">(3.016s)</small></div><div class="step_file"><span>steps/steps_customercare.py:56</span></div><span class="embed"><a onclick="Collapsible_toggle('embed_2')">Error Message</a><pre id="embed_2" style="display: none">Traceback (most recent call last):
  File "C:\Users\adi_d\AppData\Local\Programs\Python\Python312\Lib\site-packages\behave\model.py", line 1329, in run
    match.run(runner.context)
  File "C:\Users\adi_d\AppData\Local\Programs\Python\Python312\Lib\site-packages\behave\matchers.py", line 98, in run
    self.func(context, *args, **kwargs)
  File "steps\steps_customercare.py", line 58, in step_impl
    actual_error_message = context.CustomerCarePage.get_error_message_phone_field()
                           ^^^^^^^^^^^^^^^^^^^^^^^^^^^^^^^^^^^^^^^^^^^^^^^^^^^^^^^^
  File "C:\Users\adi_d\PycharmProjects\ProjectQA_BDD\Project-Testing-with-BDD\pages\customercare_page.py", line 38, in get_error_message_phone_field
    return self.driver.find_element(*CustomercareLocators.PHONE_ERROR).text
           ^^^^^^^^^^^^^^^^^^^^^^^^^^^^^^^^^^^^^^^^^^^^^^^^^^^^^^^^^^^
  File "C:\Users\adi_d\AppData\Local\Programs\Python\Python312\Lib\site-packages\selenium\webdriver\remote\webdriver.py", line 741, in find_element
    return self.execute(Command.FIND_ELEMENT, {"using": by, "value": value})["value"]
           ^^^^^^^^^^^^^^^^^^^^^^^^^^^^^^^^^^^^^^^^^^^^^^^^^^^^^^^^^^^^^^^^^
  File "C:\Users\adi_d\AppData\Local\Programs\Python\Python312\Lib\site-packages\selenium\webdriver\remote\webdriver.py", line 347, in execute
    self.error_handler.check_response(response)
  File "C:\Users\adi_d\AppData\Local\Programs\Python\Python312\Lib\site-packages\selenium\webdriver\remote\errorhandler.py", line 229, in check_response
    raise exception_class(message, screen, stacktrace)
selenium.common.exceptions.NoSuchElementException: Message: no such element: Unable to locate element: {"method":"css selector","selector":"span[id="phone.errors"]"}
  (Session info: chrome=122.0.6261.112); For documentation on this error, please visit: https://www.selenium.dev/documentation/webdriver/troubleshooting/errors#no-such-element-exception
Stacktrace:
	GetHandleVerifier [0x00007FF77B32AD32+56930]
	(No symbol) [0x00007FF77B29F632]
	(No symbol) [0x00007FF77B1542E5]
	(No symbol) [0x00007FF77B1998ED]
	(No symbol) [0x00007FF77B199A2C]
	(No symbol) [0x00007FF77B1DA967]
	(No symbol) [0x00007FF77B1BBCDF]
	(No symbol) [0x00007FF77B1D81E2]
	(No symbol) [0x00007FF77B1BBA43]
	(No symbol) [0x00007FF77B18D438]
	(No symbol) [0x00007FF77B18E4D1]
	GetHandleVerifier [0x00007FF77B6A6ABD+3709933]
	GetHandleVerifier [0x00007FF77B6FFFFD+4075821]
	GetHandleVerifier [0x00007FF77B6F818F+4043455]
	GetHandleVerifier [0x00007FF77B3C9766+706710]
	(No symbol) [0x00007FF77B2AB90F]
	(No symbol) [0x00007FF77B2A6AF4]
	(No symbol) [0x00007FF77B2A6C4C]
	(No symbol) [0x00007FF77B296904]
	BaseThreadInitThunk [0x00007FF868708D17+23]
	RtlUserThreadStart [0x00007FF86A4E7450+32]

</pre>    </span></li></ol><span /></div><div class="scenario"><span class="scenario_file">features/customercare.feature:33</span><span class="tag">@correct_credential</span><h3 onclick="Collapsible_toggle('scenario_3')"><span class="val">Scenario: Email support with correct credentials</span></h3><ol class="scenario_steps" id="scenario_3"><li class="step passed"><div class="step_name"><span class="keyword">Given </span><span class="step val">I am on the contact page</span><small class="step_duration">(2.244s)</small></div><div class="step_file"><span>steps/steps_customercare.py:6</span></div><span class="embed" /></li><li class="step passed"><div class="step_name"><span class="keyword">When </span><span class="step val"><span>I enter "</span><b>Robert</b><span>" in name field</span></span><small class="step_duration">(0.065s)</small></div><div class="step_file"><span>steps/steps_customercare.py:29</span></div><span class="embed" /></li><li class="step passed"><div class="step_name"><span class="keyword">And </span><span class="step val"><span>I enter "</span><b>abc@email.com</b><span>" in email field</span></span><small class="step_duration">(0.051s)</small></div><div class="step_file"><span>steps/steps_customercare.py:34</span></div><span class="embed" /></li><li class="step passed"><div class="step_name"><span class="keyword">And </span><span class="step val"><span>I enter "</span><b>123456789</b><span>" in phone field</span></span><small class="step_duration">(0.047s)</small></div><div class="step_file"><span>steps/steps_customercare.py:39</span></div><span class="embed" /></li><li class="step passed"><div class="step_name"><span class="keyword">And </span><span class="step val"><span>I enter "</span><b>need support message</b><span>" in message field</span></span><small class="step_duration">(0.071s)</small></div><div class="step_file"><span>steps/steps_customercare.py:44</span></div><span class="embed" /></li><li class="step passed"><div class="step_name"><span class="keyword">And </span><span class="step val">I press the send button</span><small class="step_duration">(0.323s)</small></div><div class="step_file"><span>steps/steps_customercare.py:17</span></div><span class="embed" /></li><li class="step passed"><div class="step_name"><span class="keyword">Then </span><span class="step val">I should see a Thank you message</span><small class="step_duration">(0.029s)</small></div><div class="step_file"><span>steps/steps_customercare.py:63</span></div><span class="embed" /></li></ol><span /></div><div class="feature"><h2><span class="val">Feature: ForgotPassword Feature</span></h2><span /></div><div class="background"><h3><span class="val">Background: </span></h3><ol /><span /></div><div class="scenario"><span class="scenario_file">features/forgotpassword.feature:9</span><span class="tag">@Forgot_password_empty_fields</span><h3 onclick="Collapsible_toggle('scenario_4')"><span class="val">Scenario: Reset password with empty fields</span></h3><ol class="scenario_steps" id="scenario_4"><li class="step passed"><div class="step_name"><span class="keyword">Given </span><span class="step val">I am on the homepage</span><small class="step_duration">(2.274s)</small></div><div class="step_file"><span>steps/steps_forgotpassword.py:6</span></div><span class="embed" /></li><li class="step passed"><div class="step_name"><span class="keyword">And </span><span class="step val">I click o the forgot password button</span><small class="step_duration">(0.286s)</small></div><div class="step_file"><span>steps/steps_forgotpassword.py:12</span></div><span class="embed" /></li><li class="step passed"><div class="step_name"><span class="keyword">Then </span><span class="step val">I should be redirected to the password reset page</span><small class="step_duration">(0.031s)</small></div><div class="step_file"><span>steps/steps_forgotpassword.py:17</span></div><span class="embed" /></li><li class="step passed"><div class="step_name"><span class="keyword">When </span><span class="step val">I click on find my login info button</span><small class="step_duration">(0.293s)</small></div><div class="step_file"><span>steps/steps_forgotpassword.py:24</span></div><span class="embed" /></li><li class="step passed"><div class="step_name"><span class="keyword">Then </span><span class="step val">I should see an error message for the empty fields</span><small class="step_duration">(0.140s)</small></div><div class="step_file"><span>steps/steps_forgotpassword.py:29</span></div><span class="embed" /></li></ol><span /></div><div class="scenario"><span class="scenario_file">features/forgotpassword.feature:14</span><span class="tag">@Forgot_password_wrong_credentials</span><h3 onclick="Collapsible_toggle('scenario_5')"><span class="val">Scenario: Reset password with wrong credentials</span></h3><ol class="scenario_steps" id="scenario_5"><li class="step passed"><div class="step_name"><span class="keyword">Given </span><span class="step val">I am on the homepage</span><small class="step_duration">(2.256s)</small></div><div class="step_file"><span>steps/steps_forgotpassword.py:6</span></div><span class="embed" /></li><li class="step passed"><div class="step_name"><span class="keyword">And </span><span class="step val">I click o the forgot password button</span><small class="step_duration">(0.898s)</small></div><div class="step_file"><span>steps/steps_forgotpassword.py:12</span></div><span class="embed" /></li><li class="step passed"><div class="step_name"><span class="keyword">Then </span><span class="step val">I should be redirected to the password reset page</span><small class="step_duration">(0.033s)</small></div><div class="step_file"><span>steps/steps_forgotpassword.py:17</span></div><span class="embed" /></li><li class="step passed"><div class="step_name"><span class="keyword">When </span><span class="step val"><span>I enter "</span><b>aaa</b><span>" in first name field</span></span><small class="step_duration">(0.047s)</small></div><div class="step_file"><span>steps/steps_forgotpassword.py:36</span></div><span class="embed" /></li><li class="step passed"><div class="step_name"><span class="keyword">And </span><span class="step val"><span>I enter "</span><b>bbb</b><span>" in last name field</span></span><small class="step_duration">(0.046s)</small></div><div class="step_file"><span>steps/steps_forgotpassword.py:41</span></div><span class="embed" /></li><li class="step passed"><div class="step_name"><span class="keyword">And </span><span class="step val"><span>I enter "</span><b>ccc</b><span>" in address field</span></span><small class="step_duration">(0.083s)</small></div><div class="step_file"><span>steps/steps_forgotpassword.py:46</span></div><span class="embed" /></li><li class="step passed"><div class="step_name"><span class="keyword">And </span><span class="step val"><span>I enter "</span><b>ddd</b><span>" in city field</span></span><small class="step_duration">(0.079s)</small></div><div class="step_file"><span>steps/steps_forgotpassword.py:51</span></div><span class="embed" /></li><li class="step passed"><div class="step_name"><span class="keyword">And </span><span class="step val"><span>I enter "</span><b>eee</b><span>" in state field</span></span><small class="step_duration">(0.053s)</small></div><div class="step_file"><span>steps/steps_forgotpassword.py:56</span></div><span class="embed" /></li><li class="step passed"><div class="step_name"><span class="keyword">And </span><span class="step val"><span>I enter "</span><b>111</b><span>" in zip code field</span></span><small class="step_duration">(0.062s)</small></div><div class="step_file"><span>steps/steps_forgotpassword.py:61</span></div><span class="embed" /></li><li class="step passed"><div class="step_name"><span class="keyword">And </span><span class="step val"><span>I enter "</span><b>222</b><span>" in SSN field</span></span><small class="step_duration">(0.067s)</small></div><div class="step_file"><span>steps/steps_forgotpassword.py:66</span></div><span class="embed" /></li><li class="step passed"><div class="step_name"><span class="keyword">And </span><span class="step val">I click on find my login info button</span><small class="step_duration">(0.308s)</small></div><div class="step_file"><span>steps/steps_forgotpassword.py:24</span></div><span class="embed" /></li><li class="step passed"><div class="step_name"><span class="keyword">Then </span><span class="step val">I should see an error message due to wrong credentials</span><small class="step_duration">(0.032s)</small></div><div class="step_file"><span>steps/steps_forgotpassword.py:71</span></div><span class="embed" /></li></ol><span /></div><div class="scenario"><span class="scenario_file">features/forgotpassword.feature:26</span><span class="tag">@Forgot_password_correct_credentials</span><h3 onclick="Collapsible_toggle('scenario_6')" class="failed"><span class="val">Scenario: Reset password with correct credentials</span></h3><ol class="scenario_steps" id="scenario_6"><li class="step passed"><div class="step_name"><span class="keyword">Given </span><span class="step val">I am on the homepage</span><small class="step_duration">(2.280s)</small></div><div class="step_file"><span>steps/steps_forgotpassword.py:6</span></div><span class="embed" /></li><li class="step passed"><div class="step_name"><span class="keyword">And </span><span class="step val">I click o the forgot password button</span><small class="step_duration">(0.293s)</small></div><div class="step_file"><span>steps/steps_forgotpassword.py:12</span></div><span class="embed" /></li><li class="step passed"><div class="step_name"><span class="keyword">Then </span><span class="step val">I should be redirected to the password reset page</span><small class="step_duration">(0.025s)</small></div><div class="step_file"><span>steps/steps_forgotpassword.py:17</span></div><span class="embed" /></li><li class="step passed"><div class="step_name"><span class="keyword">When </span><span class="step val"><span>I enter "</span><b>John</b><span>" in first name field</span></span><small class="step_duration">(0.038s)</small></div><div class="step_file"><span>steps/steps_forgotpassword.py:36</span></div><span class="embed" /></li><li class="step passed"><div class="step_name"><span class="keyword">And </span><span class="step val"><span>I enter "</span><b>Smith</b><span>" in last name field</span></span><small class="step_duration">(0.039s)</small></div><div class="step_file"><span>steps/steps_forgotpassword.py:41</span></div><span class="embed" /></li><li class="step passed"><div class="step_name"><span class="keyword">And </span><span class="step val"><span>I enter "</span><b>Main street</b><span>" in address field</span></span><small class="step_duration">(0.050s)</small></div><div class="step_file"><span>steps/steps_forgotpassword.py:46</span></div><span class="embed" /></li><li class="step passed"><div class="step_name"><span class="keyword">And </span><span class="step val"><span>I enter "</span><b>Anytown</b><span>" in city field</span></span><small class="step_duration">(0.042s)</small></div><div class="step_file"><span>steps/steps_forgotpassword.py:51</span></div><span class="embed" /></li><li class="step passed"><div class="step_name"><span class="keyword">And </span><span class="step val"><span>I enter "</span><b>California</b><span>" in state field</span></span><small class="step_duration">(0.057s)</small></div><div class="step_file"><span>steps/steps_forgotpassword.py:56</span></div><span class="embed" /></li><li class="step passed"><div class="step_name"><span class="keyword">And </span><span class="step val"><span>I enter "</span><b>123456</b><span>" in zip code field</span></span><small class="step_duration">(0.049s)</small></div><div class="step_file"><span>steps/steps_forgotpassword.py:61</span></div><span class="embed" /></li><li class="step passed"><div class="step_name"><span class="keyword">And </span><span class="step val"><span>I enter "</span><b>456789</b><span>" in SSN field</span></span><small class="step_duration">(0.048s)</small></div><div class="step_file"><span>steps/steps_forgotpassword.py:66</span></div><span class="embed" /></li><li class="step passed"><div class="step_name"><span class="keyword">And </span><span class="step val">I click on find my login info button</span><small class="step_duration">(0.275s)</small></div><div class="step_file"><span>steps/steps_forgotpassword.py:24</span></div><span class="embed" /></li><li class="step failed"><div class="step_name"><span class="keyword">Then </span><span class="step val">I should been redirected to the get information page</span><small class="step_duration">(0.023s)</small></div><div class="step_file"><span>steps/steps_forgotpassword.py:78</span></div><span class="embed"><a onclick="Collapsible_toggle('embed_3')">Error Message</a><pre id="embed_3" style="display: none">Assertion Failed: "Your login information was located successfully. You are now logged in." is not in "The customer information provided could not be found."</pre>    </span></li></ol><span /></div><div class="feature"><h2><span class="val">Feature: Login Feature</span></h2><span /></div><div class="background"><h3><span class="val">Background: </span></h3><ol /><span /></div><div class="scenario"><span class="scenario_file">features/login.feature:15</span><span class="tag">@wrong_credentials</span><h3 onclick="Collapsible_toggle('scenario_7')" class="failed"><span class="val">Scenario Outline: Login with wrong credentials -- @1.1 </span></h3><ol class="scenario_steps" id="scenario_7"><li class="step passed"><div class="step_name"><span class="keyword">Given </span><span class="step val">I am on the login page</span><small class="step_duration">(2.275s)</small></div><div class="step_file"><span>steps/steps_login.py:6</span></div><span class="embed" /></li><li class="step passed"><div class="step_name"><span class="keyword">When </span><span class="step val"><span>I enter "</span><b>robert123</b><span>" in username field</span></span><small class="step_duration">(0.041s)</small></div><div class="step_file"><span>steps/steps_login.py:12</span></div><span class="embed" /></li><li class="step passed"><div class="step_name"><span class="keyword">And </span><span class="step val"><span>I enter "</span><b>123robert</b><span>" in password field</span></span><small class="step_duration">(0.052s)</small></div><div class="step_file"><span>steps/steps_login.py:17</span></div><span class="embed" /></li><li class="step passed"><div class="step_name"><span class="keyword">And </span><span class="step val">I press login button</span><small class="step_duration">(0.414s)</small></div><div class="step_file"><span>steps/steps_login.py:22</span></div><span class="embed" /></li><li class="step failed"><div class="step_name"><span class="keyword">Then </span><span class="step val">I should see an internal error message</span><small class="step_duration">(0.043s)</small></div><div class="step_file"><span>steps/steps_login.py:27</span></div><span class="embed"><a onclick="Collapsible_toggle('embed_4')">Error Message</a><pre id="embed_4" style="display: none">Traceback (most recent call last):
  File "C:\Users\adi_d\AppData\Local\Programs\Python\Python312\Lib\site-packages\behave\model.py", line 1329, in run
    match.run(runner.context)
  File "C:\Users\adi_d\AppData\Local\Programs\Python\Python312\Lib\site-packages\behave\matchers.py", line 98, in run
    self.func(context, *args, **kwargs)
  File "steps\steps_login.py", line 31, in step_impl
    assert expected_result_message in actual_error_message
AssertionError
</pre>    </span></li></ol><span /></div><div class="scenario"><span class="scenario_file">features/login.feature:16</span><span class="tag">@wrong_credentials</span><h3 onclick="Collapsible_toggle('scenario_8')" class="failed"><span class="val">Scenario Outline: Login with wrong credentials -- @1.2 </span></h3><ol class="scenario_steps" id="scenario_8"><li class="step passed"><div class="step_name"><span class="keyword">Given </span><span class="step val">I am on the login page</span><small class="step_duration">(2.282s)</small></div><div class="step_file"><span>steps/steps_login.py:6</span></div><span class="embed" /></li><li class="step passed"><div class="step_name"><span class="keyword">When </span><span class="step val"><span>I enter "</span><b>user1</b><span>" in username field</span></span><small class="step_duration">(0.033s)</small></div><div class="step_file"><span>steps/steps_login.py:12</span></div><span class="embed" /></li><li class="step passed"><div class="step_name"><span class="keyword">And </span><span class="step val"><span>I enter "</span><b>pass1</b><span>" in password field</span></span><small class="step_duration">(0.041s)</small></div><div class="step_file"><span>steps/steps_login.py:17</span></div><span class="embed" /></li><li class="step passed"><div class="step_name"><span class="keyword">And </span><span class="step val">I press login button</span><small class="step_duration">(1.062s)</small></div><div class="step_file"><span>steps/steps_login.py:22</span></div><span class="embed" /></li><li class="step failed"><div class="step_name"><span class="keyword">Then </span><span class="step val">I should see an internal error message</span><small class="step_duration">(0.024s)</small></div><div class="step_file"><span>steps/steps_login.py:27</span></div><span class="embed"><a onclick="Collapsible_toggle('embed_5')">Error Message</a><pre id="embed_5" style="display: none">Traceback (most recent call last):
  File "C:\Users\adi_d\AppData\Local\Programs\Python\Python312\Lib\site-packages\behave\model.py", line 1329, in run
    match.run(runner.context)
  File "C:\Users\adi_d\AppData\Local\Programs\Python\Python312\Lib\site-packages\behave\matchers.py", line 98, in run
    self.func(context, *args, **kwargs)
  File "steps\steps_login.py", line 31, in step_impl
    assert expected_result_message in actual_error_message
AssertionError
</pre>    </span></li></ol><span /></div><div class="scenario"><span class="scenario_file">features/login.feature:17</span><span class="tag">@wrong_credentials</span><h3 onclick="Collapsible_toggle('scenario_9')" class="failed"><span class="val">Scenario Outline: Login with wrong credentials -- @1.3 </span></h3><ol class="scenario_steps" id="scenario_9"><li class="step passed"><div class="step_name"><span class="keyword">Given </span><span class="step val">I am on the login page</span><small class="step_duration">(2.261s)</small></div><div class="step_file"><span>steps/steps_login.py:6</span></div><span class="embed" /></li><li class="step passed"><div class="step_name"><span class="keyword">When </span><span class="step val"><span>I enter "</span><b>user2</b><span>" in username field</span></span><small class="step_duration">(0.027s)</small></div><div class="step_file"><span>steps/steps_login.py:12</span></div><span class="embed" /></li><li class="step passed"><div class="step_name"><span class="keyword">And </span><span class="step val"><span>I enter "</span><b>pass2</b><span>" in password field</span></span><small class="step_duration">(0.038s)</small></div><div class="step_file"><span>steps/steps_login.py:17</span></div><span class="embed" /></li><li class="step passed"><div class="step_name"><span class="keyword">And </span><span class="step val">I press login button</span><small class="step_duration">(0.346s)</small></div><div class="step_file"><span>steps/steps_login.py:22</span></div><span class="embed" /></li><li class="step failed"><div class="step_name"><span class="keyword">Then </span><span class="step val">I should see an internal error message</span><small class="step_duration">(0.049s)</small></div><div class="step_file"><span>steps/steps_login.py:27</span></div><span class="embed"><a onclick="Collapsible_toggle('embed_6')">Error Message</a><pre id="embed_6" style="display: none">Traceback (most recent call last):
  File "C:\Users\adi_d\AppData\Local\Programs\Python\Python312\Lib\site-packages\behave\model.py", line 1329, in run
    match.run(runner.context)
  File "C:\Users\adi_d\AppData\Local\Programs\Python\Python312\Lib\site-packages\behave\matchers.py", line 98, in run
    self.func(context, *args, **kwargs)
  File "steps\steps_login.py", line 31, in step_impl
    assert expected_result_message in actual_error_message
AssertionError
</pre>    </span></li></ol><span /></div><div class="scenario"><span class="scenario_file">features/login.feature:20</span><span class="tag">@empty_username_and_password</span><h3 onclick="Collapsible_toggle('scenario_10')"><span class="val">Scenario: Login with both empty username and password</span></h3><ol class="scenario_steps" id="scenario_10"><li class="step passed"><div class="step_name"><span class="keyword">Given </span><span class="step val">I am on the login page</span><small class="step_duration">(2.267s)</small></div><div class="step_file"><span>steps/steps_login.py:6</span></div><span class="embed" /></li><li class="step passed"><div class="step_name"><span class="keyword">When </span><span class="step val">I leave both username and password fields empty</span><small class="step_duration">(0.122s)</small></div><div class="step_file"><span>steps/steps_login.py:34</span></div><span class="embed" /></li><li class="step passed"><div class="step_name"><span class="keyword">And </span><span class="step val">I press login button</span><small class="step_duration">(0.286s)</small></div><div class="step_file"><span>steps/steps_login.py:22</span></div><span class="embed" /></li><li class="step passed"><div class="step_name"><span class="keyword">Then </span><span class="step val">I should see an error message</span><small class="step_duration">(0.050s)</small></div><div class="step_file"><span>steps/steps_login.py:39</span></div><span class="embed" /></li></ol><span /></div><div class="scenario"><span class="scenario_file">features/login.feature:26</span><span class="tag">@correct_credentials</span><h3 onclick="Collapsible_toggle('scenario_11')" class="failed"><span class="val">Scenario: Login with correct credentials</span></h3><ol class="scenario_steps" id="scenario_11"><li class="step passed"><div class="step_name"><span class="keyword">Given </span><span class="step val">I am on the login page</span><small class="step_duration">(2.250s)</small></div><div class="step_file"><span>steps/steps_login.py:6</span></div><span class="embed" /></li><li class="step passed"><div class="step_name"><span class="keyword">When </span><span class="step val"><span>I enter "</span><b>John Smith</b><span>" in username field</span></span><small class="step_duration">(0.037s)</small></div><div class="step_file"><span>steps/steps_login.py:12</span></div><span class="embed" /></li><li class="step passed"><div class="step_name"><span class="keyword">And </span><span class="step val"><span>I enter "</span><b>password</b><span>" in password field</span></span><small class="step_duration">(0.044s)</small></div><div class="step_file"><span>steps/steps_login.py:17</span></div><span class="embed" /></li><li class="step passed"><div class="step_name"><span class="keyword">And </span><span class="step val">I press login button</span><small class="step_duration">(0.408s)</small></div><div class="step_file"><span>steps/steps_login.py:22</span></div><span class="embed" /></li><li class="step failed"><div class="step_name"><span class="keyword">Then </span><span class="step val">I should be redirected to the dashboard</span><small class="step_duration">(0.050s)</small></div><div class="step_file"><span>steps/steps_login.py:46</span></div><span class="embed"><a onclick="Collapsible_toggle('embed_7')">Error Message</a><pre id="embed_7" style="display: none">Traceback (most recent call last):
  File "C:\Users\adi_d\AppData\Local\Programs\Python\Python312\Lib\site-packages\behave\model.py", line 1329, in run
    match.run(runner.context)
  File "C:\Users\adi_d\AppData\Local\Programs\Python\Python312\Lib\site-packages\behave\matchers.py", line 98, in run
    self.func(context, *args, **kwargs)
  File "steps\steps_login.py", line 50, in step_impl
    assert expected_result in actual_message
AssertionError
</pre>    </span></li></ol><span /></div><div class="scenario"><span class="scenario_file">features/login.feature:34</span><span class="tag">@empty_username_field</span><h3 onclick="Collapsible_toggle('scenario_12')"><span class="val">Scenario: Login with empty username field</span></h3><ol class="scenario_steps" id="scenario_12"><li class="step passed"><div class="step_name"><span class="keyword">Given </span><span class="step val">I am on the login page</span><small class="step_duration">(2.288s)</small></div><div class="step_file"><span>steps/steps_login.py:6</span></div><span class="embed" /></li><li class="step passed"><div class="step_name"><span class="keyword">When </span><span class="step val">I leave username field empty</span><small class="step_duration">(0.057s)</small></div><div class="step_file"><span>steps/steps_login.py:53</span></div><span class="embed" /></li><li class="step passed"><div class="step_name"><span class="keyword">And </span><span class="step val"><span>I enter "</span><b>storm20</b><span>" in password field</span></span><small class="step_duration">(0.041s)</small></div><div class="step_file"><span>steps/steps_login.py:17</span></div><span class="embed" /></li><li class="step passed"><div class="step_name"><span class="keyword">And </span><span class="step val">I press login button</span><small class="step_duration">(0.327s)</small></div><div class="step_file"><span>steps/steps_login.py:22</span></div><span class="embed" /></li><li class="step passed"><div class="step_name"><span class="keyword">Then </span><span class="step val">I should see an error message</span><small class="step_duration">(0.043s)</small></div><div class="step_file"><span>steps/steps_login.py:39</span></div><span class="embed" /></li></ol><span /></div><div class="feature"><h2><span class="val">Feature: Register Feature</span></h2><span /></div><div class="background"><h3><span class="val">Background: </span></h3><ol /><span /></div><div class="scenario"><span class="scenario_file">features/register.feature:9</span><span class="tag">@register_empty_fields</span><h3 onclick="Collapsible_toggle('scenario_13')"><span class="val">Scenario: Register with empty fields</span></h3><ol class="scenario_steps" id="scenario_13"><li class="step passed"><div class="step_name"><span class="keyword">Given </span><span class="step val">I am on homepage</span><small class="step_duration">(2.269s)</small></div><div class="step_file"><span>steps/steps_register.py:5</span></div><span class="embed" /></li><li class="step passed"><div class="step_name"><span class="keyword">And </span><span class="step val">I click on register button</span><small class="step_duration">(0.301s)</small></div><div class="step_file"><span>steps/steps_register.py:10</span></div><span class="embed" /></li><li class="step passed"><div class="step_name"><span class="keyword">Then </span><span class="step val">I should be redirected to the register page</span><small class="step_duration">(0.035s)</small></div><div class="step_file"><span>steps/steps_register.py:14</span></div><span class="embed" /></li><li class="step passed"><div class="step_name"><span class="keyword">When </span><span class="step val">I leave all the fields empty</span><small class="step_duration">(0.308s)</small></div><div class="step_file"><span>steps/steps_register.py:18</span></div><span class="embed" /></li><li class="step passed"><div class="step_name"><span class="keyword">And </span><span class="step val">I click register button</span><small class="step_duration">(0.319s)</small></div><div class="step_file"><span>steps/steps_register.py:22</span></div><span class="embed" /></li><li class="step passed"><div class="step_name"><span class="keyword">Then </span><span class="step val">I should see an error message for empty fields</span><small class="step_duration">(0.214s)</small></div><div class="step_file"><span>steps/steps_register.py:26</span></div><span class="embed" /></li></ol><span /></div><div class="scenario"><span class="scenario_file">features/register.feature:15</span><span class="tag">@register_wrong_credentials</span><h3 onclick="Collapsible_toggle('scenario_14')"><span class="val">Scenario: Register with wrong credentials</span></h3><ol class="scenario_steps" id="scenario_14"><li class="step passed"><div class="step_name"><span class="keyword">Given </span><span class="step val">I am on homepage</span><small class="step_duration">(2.270s)</small></div><div class="step_file"><span>steps/steps_register.py:5</span></div><span class="embed" /></li><li class="step passed"><div class="step_name"><span class="keyword">And </span><span class="step val">I click on register button</span><small class="step_duration">(0.327s)</small></div><div class="step_file"><span>steps/steps_register.py:10</span></div><span class="embed" /></li><li class="step passed"><div class="step_name"><span class="keyword">Then </span><span class="step val">I should be redirected to the register page</span><small class="step_duration">(0.028s)</small></div><div class="step_file"><span>steps/steps_register.py:14</span></div><span class="embed" /></li><li class="step passed"><div class="step_name"><span class="keyword">When </span><span class="step val"><span>I introduce "</span><b>092</b><span>" in first name field</span></span><small class="step_duration">(0.039s)</small></div><div class="step_file"><span>steps/steps_register.py:33</span></div><span class="embed" /></li><li class="step passed"><div class="step_name"><span class="keyword">And </span><span class="step val"><span>I introduce "</span><b>09d</b><span>" in last name field</span></span><small class="step_duration">(0.040s)</small></div><div class="step_file"><span>steps/steps_register.py:37</span></div><span class="embed" /></li><li class="step passed"><div class="step_name"><span class="keyword">And </span><span class="step val"><span>I introduce "</span><b>123</b><span>" in address field</span></span><small class="step_duration">(0.038s)</small></div><div class="step_file"><span>steps/steps_register.py:41</span></div><span class="embed" /></li><li class="step passed"><div class="step_name"><span class="keyword">And </span><span class="step val"><span>I introduce "</span><b>qwe</b><span>" in city field</span></span><small class="step_duration">(0.039s)</small></div><div class="step_file"><span>steps/steps_register.py:45</span></div><span class="embed" /></li><li class="step passed"><div class="step_name"><span class="keyword">And </span><span class="step val"><span>I introduce "</span><b>aaa</b><span>" in state field</span></span><small class="step_duration">(0.038s)</small></div><div class="step_file"><span>steps/steps_register.py:49</span></div><span class="embed" /></li><li class="step passed"><div class="step_name"><span class="keyword">And </span><span class="step val"><span>I introduce "</span><b>sss</b><span>" in zip code field</span></span><small class="step_duration">(0.040s)</small></div><div class="step_file"><span>steps/steps_register.py:53</span></div><span class="embed" /></li><li class="step passed"><div class="step_name"><span class="keyword">And </span><span class="step val"><span>I introduce "</span><b>1As</b><span>" in phone field</span></span><small class="step_duration">(0.038s)</small></div><div class="step_file"><span>steps/steps_register.py:57</span></div><span class="embed" /></li><li class="step passed"><div class="step_name"><span class="keyword">And </span><span class="step val"><span>I introduce "</span><b>,.;</b><span>" in SSN field</span></span><small class="step_duration">(0.041s)</small></div><div class="step_file"><span>steps/steps_register.py:61</span></div><span class="embed" /></li><li class="step passed"><div class="step_name"><span class="keyword">And </span><span class="step val"><span>I introduce "</span><b>xyz000</b><span>" in username field</span></span><small class="step_duration">(0.044s)</small></div><div class="step_file"><span>steps/steps_register.py:65</span></div><span class="embed" /></li><li class="step passed"><div class="step_name"><span class="keyword">And </span><span class="step val"><span>I introduce "</span><b>password</b><span>" in password field</span></span><small class="step_duration">(0.047s)</small></div><div class="step_file"><span>steps/steps_register.py:69</span></div><span class="embed" /></li><li class="step passed"><div class="step_name"><span class="keyword">And </span><span class="step val"><span>I introduce "</span><b>password</b><span>" in password confirmation filed</span></span><small class="step_duration">(0.045s)</small></div><div class="step_file"><span>steps/steps_register.py:73</span></div><span class="embed" /></li><li class="step passed"><div class="step_name"><span class="keyword">And </span><span class="step val">I click register button</span><small class="step_duration">(0.326s)</small></div><div class="step_file"><span>steps/steps_register.py:22</span></div><span class="embed" /></li><li class="step passed"><div class="step_name"><span class="keyword">Then </span><span class="step val">I should see an error message for wrong credentials</span><small class="step_duration">(0.001s)</small></div><div class="step_file"><span>steps/steps_register.py:77</span></div><span class="embed" /></li></ol><span /></div><div class="scenario"><span class="scenario_file">features/register.feature:31</span><span class="tag">@register_correct_credentials</span><h3 onclick="Collapsible_toggle('scenario_15')" class="failed"><span class="val">Scenario: Register with correct credentials</span></h3><ol class="scenario_steps" id="scenario_15"><li class="step passed"><div class="step_name"><span class="keyword">Given </span><span class="step val">I am on homepage</span><small class="step_duration">(2.286s)</small></div><div class="step_file"><span>steps/steps_register.py:5</span></div><span class="embed" /></li><li class="step failed"><div class="step_name"><span class="keyword">And </span><span class="step val">I click on register button</span><small class="step_duration">(3.077s)</small></div><div class="step_file"><span>steps/steps_register.py:10</span></div><span class="embed"><a onclick="Collapsible_toggle('embed_8')">Error Message</a><pre id="embed_8" style="display: none">Traceback (most recent call last):
  File "C:\Users\adi_d\AppData\Local\Programs\Python\Python312\Lib\site-packages\behave\model.py", line 1329, in run
    match.run(runner.context)
  File "C:\Users\adi_d\AppData\Local\Programs\Python\Python312\Lib\site-packages\behave\matchers.py", line 98, in run
    self.func(context, *args, **kwargs)
  File "steps\steps_register.py", line 12, in step_impl
    context.RegisterPage.click_on_register_link_button()
  File "C:\Users\adi_d\PycharmProjects\ProjectQA_BDD\Project-Testing-with-BDD\pages\register_page.py", line 13, in click_on_register_link_button
    self.driver.find_element(*RegisterLocators.REGISTER_LINK_BUTTON).click()
    ^^^^^^^^^^^^^^^^^^^^^^^^^^^^^^^^^^^^^^^^^^^^^^^^^^^^^^^^^^^^^^^^
  File "C:\Users\adi_d\AppData\Local\Programs\Python\Python312\Lib\site-packages\selenium\webdriver\remote\webdriver.py", line 741, in find_element
    return self.execute(Command.FIND_ELEMENT, {"using": by, "value": value})["value"]
           ^^^^^^^^^^^^^^^^^^^^^^^^^^^^^^^^^^^^^^^^^^^^^^^^^^^^^^^^^^^^^^^^^
  File "C:\Users\adi_d\AppData\Local\Programs\Python\Python312\Lib\site-packages\selenium\webdriver\remote\webdriver.py", line 347, in execute
    self.error_handler.check_response(response)
  File "C:\Users\adi_d\AppData\Local\Programs\Python\Python312\Lib\site-packages\selenium\webdriver\remote\errorhandler.py", line 229, in check_response
    raise exception_class(message, screen, stacktrace)
selenium.common.exceptions.NoSuchElementException: Message: no such element: Unable to locate element: {"method":"partial link text","selector":"Register"}
  (Session info: chrome=122.0.6261.112); For documentation on this error, please visit: https://www.selenium.dev/documentation/webdriver/troubleshooting/errors#no-such-element-exception
Stacktrace:
	GetHandleVerifier [0x00007FF77B32AD32+56930]
	(No symbol) [0x00007FF77B29F632]
	(No symbol) [0x00007FF77B1542E5]
	(No symbol) [0x00007FF77B1998ED]
	(No symbol) [0x00007FF77B199A2C]
	(No symbol) [0x00007FF77B1DA967]
	(No symbol) [0x00007FF77B1BBCDF]
	(No symbol) [0x00007FF77B1D81E2]
	(No symbol) [0x00007FF77B1BBA43]
	(No symbol) [0x00007FF77B18D438]
	(No symbol) [0x00007FF77B18E4D1]
	GetHandleVerifier [0x00007FF77B6A6ABD+3709933]
	GetHandleVerifier [0x00007FF77B6FFFFD+4075821]
	GetHandleVerifier [0x00007FF77B6F818F+4043455]
	GetHandleVerifier [0x00007FF77B3C9766+706710]
	(No symbol) [0x00007FF77B2AB90F]
	(No symbol) [0x00007FF77B2A6AF4]
	(No symbol) [0x00007FF77B2A6C4C]
	(No symbol) [0x00007FF77B296904]
	BaseThreadInitThunk [0x00007FF868708D17+23]
	RtlUserThreadStart [0x00007FF86A4E7450+32]

</pre>    </span></li></ol><span /></div><div class="scenario"><span class="scenario_file">features/register.feature:47</span><span class="tag">@register_with_no_matched_passwords</span><h3 onclick="Collapsible_toggle('scenario_16')" class="failed"><span class="val">Scenario: Register with different password confirmation</span></h3><ol class="scenario_steps" id="scenario_16"><li class="step passed"><div class="step_name"><span class="keyword">Given </span><span class="step val">I am on homepage</span><small class="step_duration">(3.168s)</small></div><div class="step_file"><span>steps/steps_register.py:5</span></div><span class="embed" /></li><li class="step failed"><div class="step_name"><span class="keyword">And </span><span class="step val">I click on register button</span><small class="step_duration">(3.065s)</small></div><div class="step_file"><span>steps/steps_register.py:10</span></div><span class="embed"><a onclick="Collapsible_toggle('embed_9')">Error Message</a><pre id="embed_9" style="display: none">Traceback (most recent call last):
  File "C:\Users\adi_d\AppData\Local\Programs\Python\Python312\Lib\site-packages\behave\model.py", line 1329, in run
    match.run(runner.context)
  File "C:\Users\adi_d\AppData\Local\Programs\Python\Python312\Lib\site-packages\behave\matchers.py", line 98, in run
    self.func(context, *args, **kwargs)
  File "steps\steps_register.py", line 12, in step_impl
    context.RegisterPage.click_on_register_link_button()
  File "C:\Users\adi_d\PycharmProjects\ProjectQA_BDD\Project-Testing-with-BDD\pages\register_page.py", line 13, in click_on_register_link_button
    self.driver.find_element(*RegisterLocators.REGISTER_LINK_BUTTON).click()
    ^^^^^^^^^^^^^^^^^^^^^^^^^^^^^^^^^^^^^^^^^^^^^^^^^^^^^^^^^^^^^^^^
  File "C:\Users\adi_d\AppData\Local\Programs\Python\Python312\Lib\site-packages\selenium\webdriver\remote\webdriver.py", line 741, in find_element
    return self.execute(Command.FIND_ELEMENT, {"using": by, "value": value})["value"]
           ^^^^^^^^^^^^^^^^^^^^^^^^^^^^^^^^^^^^^^^^^^^^^^^^^^^^^^^^^^^^^^^^^
  File "C:\Users\adi_d\AppData\Local\Programs\Python\Python312\Lib\site-packages\selenium\webdriver\remote\webdriver.py", line 347, in execute
    self.error_handler.check_response(response)
  File "C:\Users\adi_d\AppData\Local\Programs\Python\Python312\Lib\site-packages\selenium\webdriver\remote\errorhandler.py", line 229, in check_response
    raise exception_class(message, screen, stacktrace)
selenium.common.exceptions.NoSuchElementException: Message: no such element: Unable to locate element: {"method":"partial link text","selector":"Register"}
  (Session info: chrome=122.0.6261.112); For documentation on this error, please visit: https://www.selenium.dev/documentation/webdriver/troubleshooting/errors#no-such-element-exception
Stacktrace:
	GetHandleVerifier [0x00007FF77B32AD32+56930]
	(No symbol) [0x00007FF77B29F632]
	(No symbol) [0x00007FF77B1542E5]
	(No symbol) [0x00007FF77B1998ED]
	(No symbol) [0x00007FF77B199A2C]
	(No symbol) [0x00007FF77B1DA967]
	(No symbol) [0x00007FF77B1BBCDF]
	(No symbol) [0x00007FF77B1D81E2]
	(No symbol) [0x00007FF77B1BBA43]
	(No symbol) [0x00007FF77B18D438]
	(No symbol) [0x00007FF77B18E4D1]
	GetHandleVerifier [0x00007FF77B6A6ABD+3709933]
	GetHandleVerifier [0x00007FF77B6FFFFD+4075821]
	GetHandleVerifier [0x00007FF77B6F818F+4043455]
	GetHandleVerifier [0x00007FF77B3C9766+706710]
	(No symbol) [0x00007FF77B2AB90F]
	(No symbol) [0x00007FF77B2A6AF4]
	(No symbol) [0x00007FF77B2A6C4C]
	(No symbol) [0x00007FF77B296904]
	BaseThreadInitThunk [0x00007FF868708D17+23]
	RtlUserThreadStart [0x00007FF86A4E7450+32]

</pre>    </span></li></ol><span /></div></div></body></html>